<?xml version="1.0" encoding="UTF-8"?>
<testng-results ignored="0" total="2" passed="2" failed="0" skipped="0">
  <reporter-output>
  </reporter-output>
  <suite started-at="2021-05-07T17:51:25 IST" name="Suite" finished-at="2021-05-07T17:52:07 IST" duration-ms="42169">
    <groups>
    </groups>
    <test started-at="2021-05-07T17:51:25 IST" name="Test" finished-at="2021-05-07T17:52:07 IST" duration-ms="42169">
      <class name="Positive.positive_test">
        <test-method is-config="true" signature="test()[pri:0, instance:Positive.positive_test@2beee7ff]" started-at="2021-05-07T17:51:08 IST" name="test" finished-at="2021-05-07T17:51:25 IST" duration-ms="16635" status="PASS">
          <reporter-output>
          </reporter-output>
        </test-method> <!-- test -->
        <test-method is-config="true" signature="open_Browser()[pri:0, instance:Positive.positive_test@2beee7ff]" started-at="2021-05-07T17:51:25 IST" name="open_Browser" finished-at="2021-05-07T17:51:25 IST" duration-ms="0" status="PASS">
          <reporter-output>
          </reporter-output>
        </test-method> <!-- open_Browser -->
        <test-method signature="test1()[pri:0, instance:Positive.positive_test@2beee7ff]" started-at="2021-05-07T17:51:25 IST" name="test1" finished-at="2021-05-07T17:51:31 IST" duration-ms="5641" status="PASS">
          <reporter-output>
          </reporter-output>
        </test-method> <!-- test1 -->
        <test-method is-config="true" signature="Close_Browser()[pri:0, instance:Positive.positive_test@2beee7ff]" started-at="2021-05-07T17:51:31 IST" name="Close_Browser" finished-at="2021-05-07T17:51:31 IST" duration-ms="0" status="PASS">
          <reporter-output>
          </reporter-output>
        </test-method> <!-- Close_Browser -->
        <test-method signature="test2()[pri:1, instance:Positive.positive_test@2beee7ff]" started-at="2021-05-07T17:51:31 IST" name="test2" finished-at="2021-05-07T17:52:07 IST" duration-ms="36468" status="PASS">
          <reporter-output>
          </reporter-output>
        </test-method> <!-- test2 -->
        <test-method is-config="true" signature="open_Browser()[pri:0, instance:Positive.positive_test@2beee7ff]" started-at="2021-05-07T17:51:31 IST" name="open_Browser" finished-at="2021-05-07T17:51:31 IST" duration-ms="0" status="PASS">
          <reporter-output>
          </reporter-output>
        </test-method> <!-- open_Browser -->
        <test-method is-config="true" signature="Close_Browser()[pri:0, instance:Positive.positive_test@2beee7ff]" started-at="2021-05-07T17:52:07 IST" name="Close_Browser" finished-at="2021-05-07T17:52:07 IST" duration-ms="0" status="PASS">
          <reporter-output>
          </reporter-output>
        </test-method> <!-- Close_Browser -->
        <test-method is-config="true" signature="Flush_Report()[pri:0, instance:Positive.positive_test@2beee7ff]" started-at="2021-05-07T17:52:07 IST" name="Flush_Report" finished-at="2021-05-07T17:52:07 IST" duration-ms="0" status="PASS">
          <reporter-output>
          </reporter-output>
        </test-method> <!-- Flush_Report -->
      </class> <!-- Positive.positive_test -->
    </test> <!-- Test -->
  </suite> <!-- Suite -->
</testng-results>
