<?xml version="1.0" encoding="UTF-8"?>
<testng-results ignored="0" total="2" passed="2" failed="0" skipped="0">
  <reporter-output>
  </reporter-output>
  <suite started-at="2021-01-20T14:40:09 IST" name="Suite" finished-at="2021-01-20T14:40:21 IST" duration-ms="12923">
    <groups>
    </groups>
    <test started-at="2021-01-20T14:40:09 IST" name="Test" finished-at="2021-01-20T14:40:21 IST" duration-ms="12923">
      <class name="Positive.positive_test">
        <test-method is-config="true" signature="test()[pri:0, instance:Positive.positive_test@2beee7ff]" started-at="2021-01-20T14:39:46 IST" name="test" finished-at="2021-01-20T14:40:09 IST" duration-ms="22184" status="PASS">
          <reporter-output>
          </reporter-output>
        </test-method> <!-- test -->
        <test-method is-config="true" signature="open_Browser()[pri:0, instance:Positive.positive_test@2beee7ff]" started-at="2021-01-20T14:40:09 IST" name="open_Browser" finished-at="2021-01-20T14:40:09 IST" duration-ms="0" status="PASS">
          <reporter-output>
          </reporter-output>
        </test-method> <!-- open_Browser -->
        <test-method signature="test1()[pri:0, instance:Positive.positive_test@2beee7ff]" started-at="2021-01-20T14:40:09 IST" name="test1" finished-at="2021-01-20T14:40:16 IST" duration-ms="7373" status="PASS">
          <reporter-output>
          </reporter-output>
        </test-method> <!-- test1 -->
        <test-method is-config="true" signature="Close_Browser()[pri:0, instance:Positive.positive_test@2beee7ff]" started-at="2021-01-20T14:40:16 IST" name="Close_Browser" finished-at="2021-01-20T14:40:16 IST" duration-ms="1" status="PASS">
          <reporter-output>
          </reporter-output>
        </test-method> <!-- Close_Browser -->
        <test-method is-config="true" signature="open_Browser()[pri:0, instance:Positive.positive_test@2beee7ff]" started-at="2021-01-20T14:40:16 IST" name="open_Browser" finished-at="2021-01-20T14:40:16 IST" duration-ms="1" status="PASS">
          <reporter-output>
          </reporter-output>
        </test-method> <!-- open_Browser -->
        <test-method signature="test2()[pri:1, instance:Positive.positive_test@2beee7ff]" started-at="2021-01-20T14:40:16 IST" name="test2" finished-at="2021-01-20T14:40:21 IST" duration-ms="5501" status="PASS">
          <reporter-output>
          </reporter-output>
        </test-method> <!-- test2 -->
        <test-method is-config="true" signature="Close_Browser()[pri:0, instance:Positive.positive_test@2beee7ff]" started-at="2021-01-20T14:40:21 IST" name="Close_Browser" finished-at="2021-01-20T14:40:21 IST" duration-ms="2" status="PASS">
          <reporter-output>
          </reporter-output>
        </test-method> <!-- Close_Browser -->
        <test-method is-config="true" signature="Flush_Report()[pri:0, instance:Positive.positive_test@2beee7ff]" started-at="2021-01-20T14:40:21 IST" name="Flush_Report" finished-at="2021-01-20T14:40:21 IST" duration-ms="1" status="PASS">
          <reporter-output>
          </reporter-output>
        </test-method> <!-- Flush_Report -->
      </class> <!-- Positive.positive_test -->
    </test> <!-- Test -->
  </suite> <!-- Suite -->
</testng-results>
